#! /usr/bin/vvp
:ivl_version "11.0 (stable)";
:ivl_delay_selection "TYPICAL";
:vpi_time_precision - 12;
:vpi_module "/usr/lib/x86_64-linux-gnu/ivl/system.vpi";
:vpi_module "/usr/lib/x86_64-linux-gnu/ivl/vhdl_sys.vpi";
:vpi_module "/usr/lib/x86_64-linux-gnu/ivl/vhdl_textio.vpi";
:vpi_module "/usr/lib/x86_64-linux-gnu/ivl/v2005_math.vpi";
:vpi_module "/usr/lib/x86_64-linux-gnu/ivl/va_math.vpi";
S_0x5621d59bb2d0 .scope module, "example2_tb" "example2_tb" 2 3;
 .timescale -9 -12;
v0x5621d59bc350_0 .var "clk", 0 0;
v0x5621d59bc7b0_0 .var "rst", 0 0;
S_0x5621d59bb460 .scope module, "dut" "example2" 2 27, 3 3 0, S_0x5621d59bb2d0;
 .timescale -9 -12;
    .scope S_0x5621d59bb2d0;
T_0 ;
    %pushi/vec4 0, 0, 1;
    %store/vec4 v0x5621d59bc350_0, 0, 1;
T_0.0 ;
    %delay 5000, 0;
    %load/vec4 v0x5621d59bc350_0;
    %inv;
    %store/vec4 v0x5621d59bc350_0, 0, 1;
    %jmp T_0.0;
    %end;
    .thread T_0;
    .scope S_0x5621d59bb2d0;
T_1 ;
    %vpi_call 2 37 "$dumpfile", "waves/dump.vcd" {0 0 0};
    %vpi_call 2 38 "$dumpvars", 32'sb00000000000000000000000000000000, S_0x5621d59bb2d0 {0 0 0};
    %end;
    .thread T_1;
    .scope S_0x5621d59bb2d0;
T_2 ;
    %pushi/vec4 1, 0, 1;
    %store/vec4 v0x5621d59bc7b0_0, 0, 1;
    %delay 20000, 0;
    %pushi/vec4 0, 0, 1;
    %store/vec4 v0x5621d59bc7b0_0, 0, 1;
    %delay 100000, 0;
    %vpi_call 2 51 "$display", "TEST COMPLETE" {0 0 0};
    %vpi_call 2 52 "$finish" {0 0 0};
    %end;
    .thread T_2;
# The file index is used to find the file name in the following table.
:file_names 4;
    "N/A";
    "<interactive>";
    "tb/example2_tb.v";
    "rtl/example2.v";
